#
# There is insufficient memory for the Java Runtime Environment to continue.
# Native memory allocation (malloc) failed to allocate 1048576 bytes for AllocateHeap
# Possible reasons:
#   The system is out of physical RAM or swap space
#   The process is running with CompressedOops enabled, and the Java Heap may be blocking the growth of the native heap
# Possible solutions:
#   Reduce memory load on the system
#   Increase physical memory or swap space
#   Check if swap backing store is full
#   Decrease Java heap size (-Xmx/-Xms)
#   Decrease number of Java threads
#   Decrease Java thread stack sizes (-Xss)
#   Set larger code cache with -XX:ReservedCodeCacheSize=
#   JVM is running with Unscaled Compressed Oops mode in which the Java heap is
#     placed in the first 4GB address space. The Java Heap base address is the
#     maximum limit for the native heap growth. Please use -XX:HeapBaseMinAddress
#     to set the Java Heap base and to place the Java Heap above 4GB virtual address.
# This output file may be truncated or incomplete.
#
#  Out of Memory Error (memory/allocation.inline.hpp:61), pid=3236, tid=0x0000000000000a74
#
# JRE version:  (8.0_251-b08) (build )
# Java VM: Java HotSpot(TM) 64-Bit Server VM (25.251-b08 mixed mode windows-amd64 compressed oops)
# Failed to write core dump. Minidumps are not enabled by default on client versions of Windows
#

---------------  T H R E A D  ---------------

Current thread (0x000000000232e000):  JavaThread "Unknown thread" [_thread_in_vm, id=2676, stack(0x0000000002150000,0x0000000002250000)]

Stack: [0x0000000002150000,0x0000000002250000]
[error occurred during error reporting (printing stack bounds), id 0xc0000005]

Native frames: (J=compiled Java code, j=interpreted, Vv=VM code, C=native code)


---------------  P R O C E S S  ---------------

Java Threads: ( => current thread )

Other Threads:

=>0x000000000232e000 (exited) JavaThread "Unknown thread" [_thread_in_vm, id=2676, stack(0x0000000002150000,0x0000000002250000)]

VM state:not at safepoint (normal execution)

VM Mutex/Monitor currently owned by a thread: None

heap address: 0x00000000a1c00000, size: 1508 MB, Compressed Oops mode: 32-bit
Narrow klass base: 0x0000000000000000, Narrow klass shift: 3
Compressed class space size: 1073741824 Address: 0x0000000100000000

Heap:
 PSYoungGen      total 28672K, used 491K [0x00000000e0980000, 0x00000000e2980000, 0x0000000100000000)
  eden space 24576K, 2% used [0x00000000e0980000,0x00000000e09fae20,0x00000000e2180000)
  from space 4096K, 0% used [0x00000000e2580000,0x00000000e2580000,0x00000000e2980000)
  to   space 4096K, 0% used [0x00000000e2180000,0x00000000e2180000,0x00000000e2580000)
 ParOldGen       total 65536K, used 0K [0x00000000a1c00000, 0x00000000a5c00000, 0x00000000e0980000)
  object space 65536K, 0% used [0x00000000a1c00000,0x00000000a1c00000,0x00000000a5c00000)
 Metaspace       used 754K, capacity 1092K, committed 1152K, reserved 1060864K
  class space    used 76K, capacity 384K, committed 384K, reserved 1048576K

Card table byte_map: [0x00000000117f0000,0x0000000011af0000] byte_map_base: 0x00000000112e2000

Marking Bits: (ParMarkBitMap*) 0x00000000751daf90
 Begin Bits: [0x00000000120f0000, 0x0000000013880000)
 End Bits:   [0x0000000013880000, 0x0000000015010000)

Polling page: 0x00000000007a0000

CodeCache: size=245760Kb used=328Kb max_used=328Kb free=245431Kb
 bounds [0x0000000002430000, 0x00000000026a0000, 0x0000000011430000]
 total_blobs=58 nmethods=0 adapters=38
 compilation: enabled

Compilation events (0 events):
No events

GC Heap History (0 events):
No events

Deoptimization events (0 events):
No events

Classes redefined (0 events):
No events

Internal exceptions (0 events):
No events

Events (10 events):
Event: 0.109 loading class java/lang/Short
Event: 0.109 loading class java/lang/Short done
Event: 0.109 loading class java/lang/Integer
Event: 0.109 loading class java/lang/Integer done
Event: 0.109 loading class java/lang/Long
Event: 0.109 loading class java/lang/Long done
Event: 0.112 loading class java/lang/NullPointerException
Event: 0.112 loading class java/lang/NullPointerException done
Event: 0.112 loading class java/lang/ArithmeticException
Event: 0.112 loading class java/lang/ArithmeticException done


Dynamic libraries:
0x00007ff6b21b0000 - 0x00007ff6b21e7000 	C:\Program Files\Java\jre1.8.0_251\bin\javaw.exe
0x00007ffec4700000 - 0x00007ffec48f0000 	C:\WINDOWS\SYSTEM32\ntdll.dll
0x00007ffe8e860000 - 0x00007ffe8e872000 	C:\Program Files\AVAST Software\Avast\aswhook.dll
0x00007ffec37e0000 - 0x00007ffec3892000 	C:\WINDOWS\System32\KERNEL32.DLL
0x00007ffec1840000 - 0x00007ffec1ae5000 	C:\WINDOWS\System32\KERNELBASE.dll
0x00007ffec3910000 - 0x00007ffec39b3000 	C:\WINDOWS\System32\ADVAPI32.dll
0x00007ffec2890000 - 0x00007ffec292e000 	C:\WINDOWS\System32\msvcrt.dll
0x00007ffec4110000 - 0x00007ffec41a7000 	C:\WINDOWS\System32\sechost.dll
0x00007ffec3660000 - 0x00007ffec3780000 	C:\WINDOWS\System32\RPCRT4.dll
0x00007ffec2b90000 - 0x00007ffec2d25000 	C:\WINDOWS\System32\USER32.dll
0x00007ffec1810000 - 0x00007ffec1831000 	C:\WINDOWS\System32\win32u.dll
0x00007ffec39c0000 - 0x00007ffec39e6000 	C:\WINDOWS\System32\GDI32.dll
0x00007ffec24f0000 - 0x00007ffec2686000 	C:\WINDOWS\System32\gdi32full.dll
0x00007ffec2710000 - 0x00007ffec27ae000 	C:\WINDOWS\System32\msvcp_win.dll
0x00007ffec1710000 - 0x00007ffec180a000 	C:\WINDOWS\System32\ucrtbase.dll
0x00007ffeb3b30000 - 0x00007ffeb3db4000 	C:\WINDOWS\WinSxS\amd64_microsoft.windows.common-controls_6595b64144ccf1df_6.0.18362.1082_none_9e8193e1e45b25c1\COMCTL32.dll
0x00007ffec41d0000 - 0x00007ffec4505000 	C:\WINDOWS\System32\combase.dll
0x00007ffec2690000 - 0x00007ffec2710000 	C:\WINDOWS\System32\bcryptPrimitives.dll
0x00007ffec39f0000 - 0x00007ffec3a1e000 	C:\WINDOWS\System32\IMM32.DLL
0x0000000075eb0000 - 0x0000000075f82000 	C:\Program Files\Java\jre1.8.0_251\bin\msvcr100.dll
0x00000000749b0000 - 0x000000007525b000 	C:\Program Files\Java\jre1.8.0_251\bin\server\jvm.dll
0x00007ffec4050000 - 0x00007ffec4058000 	C:\WINDOWS\System32\PSAPI.DLL
0x00007ffeb1030000 - 0x00007ffeb1039000 	C:\WINDOWS\SYSTEM32\WSOCK32.dll
0x00007ffec38a0000 - 0x00007ffec390f000 	C:\WINDOWS\System32\WS2_32.dll
0x00007ffebf910000 - 0x00007ffebf934000 	C:\WINDOWS\SYSTEM32\WINMM.dll
0x00007ffebc7d0000 - 0x00007ffebc7da000 	C:\WINDOWS\SYSTEM32\VERSION.dll
0x00007ffebf8e0000 - 0x00007ffebf90d000 	C:\WINDOWS\SYSTEM32\WINMMBASE.dll
0x00007ffec24a0000 - 0x00007ffec24ea000 	C:\WINDOWS\System32\cfgmgr32.dll
0x00007ffeba210000 - 0x00007ffeba21f000 	C:\Program Files\Java\jre1.8.0_251\bin\verify.dll
0x00007ffea0d00000 - 0x00007ffea0d29000 	C:\Program Files\Java\jre1.8.0_251\bin\java.dll
0x00007ffeb17e0000 - 0x00007ffeb17f6000 	C:\Program Files\Java\jre1.8.0_251\bin\zip.dll

VM Arguments:
jvm_args: -Dfile.encoding=Cp1251 
java_command: Main
java_class_path (initial): C:\Users\Миша\eclipse-workspace\ProgrammingTechnologies_Labs\bin
Launcher Type: SUN_STANDARD

Environment Variables:
PATH=C:/Program Files/Java/jre1.8.0_251/bin/server;C:/Program Files/Java/jre1.8.0_251/bin;C:/Program Files/Java/jre1.8.0_251/lib/amd64;C:\oraclexe\app\oracle\product\11.2.0\server\bin;;D:\app\naslund19\product\12.2.0\dbhome_1\bin;C:\ProgramData\Oracle\Java\javapath;C:\Program Files (x86)\Common Files\Oracle\Java\javapath;C:\Program Files\Java\jdk-9.0.4\bin;C:\WINDOWS\system32;C:\WINDOWS;C:\WINDOWS\System32\Wbem;C:\WINDOWS\System32\WindowsPowerShell\v1.0\;C:\WINDOWS\System32\OpenSSH\;C:\Program Files\dotnet\;C:\Program Files\Microsoft SQL Server\130\Tools\Binn\;D:\Program Files (x86)\IncrediBuild;C:\Users\Миша\AppData\Local\Programs\Python\Python37-32;C:\Users\Миша\AppData\Local\Programs\Python\Python37-32\Scripts;C:\Program Files\TortoiseHg\;C:\Program Files (x86)\Gpg4win\..\GnuPG\bin;C:\Users\Миша\AppData\Local\Microsoft\WindowsApps;C:\Users\Миша\Desktop;
USERNAME=Миша
OS=Windows_NT
PROCESSOR_IDENTIFIER=Intel64 Family 6 Model 58 Stepping 9, GenuineIntel



---------------  S Y S T E M  ---------------

OS: Windows 10.0 , 64 bit Build 18362 (10.0.18362.1082)

CPU:total 4 (initial active 4) (2 cores per cpu, 2 threads per core) family 6 model 58 stepping 9, cmov, cx8, fxsr, mmx, sse, sse2, sse3, ssse3, sse4.1, sse4.2, popcnt, avx, aes, clmul, erms, ht, tsc, tscinvbit, tscinv

Memory: 4k page, physical 6174456k(1179116k free), swap 25048824k(5892k free)

vm_info: Java HotSpot(TM) 64-Bit Server VM (25.251-b08) for windows-amd64 JRE (1.8.0_251-b08), built on Mar 12 2020 06:31:49 by "" with MS VC++ 10.0 (VS2010)

time: Thu Oct 08 23:28:46 2020
timezone: RTZ 2 (зима)
elapsed time: 0 seconds (0d 0h 0m 0s)

